<?xml version="1.0" encoding="UTF-8"?>
<testng-results ignored="0" total="1" passed="1" failed="0" skipped="0">
  <reporter-output>
  </reporter-output>
  <suite started-at="2024-02-15T14:09:15 IST" name="Default suite" finished-at="2024-02-15T14:09:16 IST" duration-ms="755">
    <groups>
      <group name="cucumber">
        <method signature="AbstractTestNGCucumberTests.runScenario(io.cucumber.testng.PickleWrapper,io.cucumber.testng.FeatureWrapper)[pri:0, instance:RunnerClass.AddionRunner@618b19ad]" name="runScenario" class="io.cucumber.testng.AbstractTestNGCucumberTests"/>
      </group> <!-- cucumber -->
    </groups>
    <test started-at="2024-02-15T14:09:15 IST" name="Default test" finished-at="2024-02-15T14:09:16 IST" duration-ms="755">
      <class name="RunnerClass.AddionRunner">
        <test-method is-config="true" signature="setUpClass(org.testng.ITestContext)[pri:0, instance:RunnerClass.AddionRunner@618b19ad]" started-at="2024-02-15T14:09:15 IST" name="setUpClass" finished-at="2024-02-15T14:09:16 IST" duration-ms="443" status="PASS">
          <params>
            <param index="0">
              <value>
                <![CDATA[org.testng.TestRunner@64b73e7a]]>
              </value>
            </param>
          </params>
          <reporter-output>
          </reporter-output>
        </test-method> <!-- setUpClass -->
        <test-method signature="runScenario(io.cucumber.testng.PickleWrapper,io.cucumber.testng.FeatureWrapper)[pri:0, instance:RunnerClass.AddionRunner@618b19ad]" started-at="2024-02-15T14:09:16 IST" name="runScenario" description="Runs Cucumber Scenarios" data-provider="scenarios" finished-at="2024-02-15T14:09:16 IST" duration-ms="219" status="PASS">
          <params>
            <param index="0">
              <value>
                <![CDATA["Make addition of two number"]]>
              </value>
            </param>
            <param index="1">
              <value>
                <![CDATA["Addition Functionality"]]>
              </value>
            </param>
          </params>
          <reporter-output>
          </reporter-output>
        </test-method> <!-- runScenario -->
        <test-method is-config="true" signature="tearDownClass()[pri:0, instance:RunnerClass.AddionRunner@618b19ad]" started-at="2024-02-15T14:09:16 IST" name="tearDownClass" finished-at="2024-02-15T14:09:16 IST" duration-ms="5" status="PASS">
          <reporter-output>
          </reporter-output>
        </test-method> <!-- tearDownClass -->
      </class> <!-- RunnerClass.AddionRunner -->
    </test> <!-- Default test -->
  </suite> <!-- Default suite -->
</testng-results>
