<?xml version="1.0" encoding="UTF-8"?>
<!-- Generated by org.testng.reporters.JUnitReportReporter -->
<testsuite hostname="DESKTOP-DRDFAO6" failures="0" tests="3" name="RunnerClass.OrderRunner" time="0.405" errors="1" timestamp="2024-02-11T00:43:21 IST" skipped="0">
  <testcase classname="RunnerClass.OrderRunner" name="runScenario" time="0.298"/>
  <system-out/>
  <testcase classname="RunnerClass.OrderRunner" name="runScenario" time="0.048"/>
  <system-out/>
  <testcase classname="RunnerClass.OrderRunner" name="runScenario" time="0.059">
    <error type="java.lang.ArithmeticException">
      <![CDATA[java.lang.ArithmeticException
at StepDefination.Order.user_clicks_on_cancelled_order_button(Order.java:44)
at ✽.User clicks on Cancelled Order button(file:///C:/Users/sanas/eclipse-workspace/MBSATTPractice/src/test/resources/Features/Order.feature:19)
]]>
    </error>
  </testcase> <!-- runScenario -->
  <system-out/>
</testsuite> <!-- RunnerClass.OrderRunner -->
